<?xml version="1.0" encoding="UTF-8"?>
<!-- Generated by org.testng.reporters.JUnitReportReporter -->
<testsuite skipped="0" hostname="User" name="com.test.LivingPageTest" tests="4" failures="0" timestamp="02 Aug 2020 14:50:08 GMT" time="3.379" errors="0">
  <testcase name="livingMenuDisplay" time="0.676" classname="com.test.LivingPageTest"/>
  <testcase name="sofa_setSubmenu_Display" time="0.281" classname="com.test.LivingPageTest"/>
  <testcase name="getSofa_set_SubmenuText" time="0.151" classname="com.test.LivingPageTest"/>
  <testcase name="getSofasetItems" time="2.271" classname="com.test.LivingPageTest"/>
</testsuite> <!-- com.test.LivingPageTest -->
