<?xml version="1.0" encoding="UTF-8"?>
<!-- Generated by org.testng.reporters.JUnitReportReporter -->
<testsuite skipped="0" hostname="DESKTOP-9B2566O" name="com.test.StudyPageTest" tests="4" failures="0" timestamp="03 Aug 2020 14:00:43 GMT" time="1.932" errors="0">
  <testcase name="studyMenuDisplay" time="0.467" classname="com.test.StudyPageTest"/>
  <testcase name="studyTablesSubmenu_Display" time="0.257" classname="com.test.StudyPageTest"/>
  <testcase name="getStudyTablesSubmenuText" time="0.187" classname="com.test.StudyPageTest"/>
  <testcase name="getStudyTablesItems" time="1.021" classname="com.test.StudyPageTest"/>
</testsuite> <!-- com.test.StudyPageTest -->
